2025-05-17 20:03:09,128 [Worker-5: Loading available Gradle versions] INFO  o.e.b.c.i.u.g.PublishedGradleVersions - Gradle version information cache is up-to-date. Trying to read.
2025-05-17 20:05:54,173 [Worker-24: Launching mavenrun-69bfb827-b0de-448a-8671-cb69d48528d0] INFO  o.eclipse.m2e.core.internal.Bundles - getClasspathEntries(Bundle=org.eclipse.m2e.maven.runtime_3.9.900.20240824-1409 [296])
2025-05-17 20:05:54,176 [Worker-24: Launching mavenrun-69bfb827-b0de-448a-8671-cb69d48528d0] INFO  o.eclipse.m2e.core.internal.Bundles - 	Entry: /Users/pthao/.p2/pool/plugins/org.eclipse.m2e.maven.runtime_3.9.900.20240824-1409
2025-05-17 20:05:54,176 [Worker-24: Launching mavenrun-69bfb827-b0de-448a-8671-cb69d48528d0] INFO  o.eclipse.m2e.core.internal.Bundles - 	Entry: /Users/pthao/.p2/pool/plugins/org.eclipse.m2e.maven.runtime_3.9.900.20240824-1409/jars/aopalliance-1.0.jar
2025-05-17 20:05:54,176 [Worker-24: Launching mavenrun-69bfb827-b0de-448a-8671-cb69d48528d0] INFO  o.eclipse.m2e.core.internal.Bundles - 	Entry: /Users/pthao/.p2/pool/plugins/org.eclipse.m2e.maven.runtime_3.9.900.20240824-1409/jars/guice-5.1.0.jar
2025-05-17 20:05:54,176 [Worker-24: Launching mavenrun-69bfb827-b0de-448a-8671-cb69d48528d0] INFO  o.eclipse.m2e.core.internal.Bundles - 	Entry: /Users/pthao/.p2/pool/plugins/org.eclipse.m2e.maven.runtime_3.9.900.20240824-1409/jars/httpclient-4.5.14.jar
2025-05-17 20:05:54,176 [Worker-24: Launching mavenrun-69bfb827-b0de-448a-8671-cb69d48528d0] INFO  o.eclipse.m2e.core.internal.Bundles - 	Entry: /Users/pthao/.p2/pool/plugins/org.eclipse.m2e.maven.runtime_3.9.900.20240824-1409/jars/httpcore-4.4.16.jar
2025-05-17 20:05:54,176 [Worker-24: Launching mavenrun-69bfb827-b0de-448a-8671-cb69d48528d0] INFO  o.eclipse.m2e.core.internal.Bundles - 	Entry: /Users/pthao/.p2/pool/plugins/org.eclipse.m2e.maven.runtime_3.9.900.20240824-1409/jars/jansi-2.4.1.jar
2025-05-17 20:05:54,176 [Worker-24: Launching mavenrun-69bfb827-b0de-448a-8671-cb69d48528d0] INFO  o.eclipse.m2e.core.internal.Bundles - 	Entry: /Users/pthao/.p2/pool/plugins/org.eclipse.m2e.maven.runtime_3.9.900.20240824-1409/jars/jcl-over-slf4j-1.7.36.jar
2025-05-17 20:05:54,176 [Worker-24: Launching mavenrun-69bfb827-b0de-448a-8671-cb69d48528d0] INFO  o.eclipse.m2e.core.internal.Bundles - 	Entry: /Users/pthao/.p2/pool/plugins/org.eclipse.m2e.maven.runtime_3.9.900.20240824-1409/jars/maven-artifact-3.9.9.jar
2025-05-17 20:05:54,176 [Worker-24: Launching mavenrun-69bfb827-b0de-448a-8671-cb69d48528d0] INFO  o.eclipse.m2e.core.internal.Bundles - 	Entry: /Users/pthao/.p2/pool/plugins/org.eclipse.m2e.maven.runtime_3.9.900.20240824-1409/jars/maven-builder-support-3.9.9.jar
2025-05-17 20:05:54,176 [Worker-24: Launching mavenrun-69bfb827-b0de-448a-8671-cb69d48528d0] INFO  o.eclipse.m2e.core.internal.Bundles - 	Entry: /Users/pthao/.p2/pool/plugins/org.eclipse.m2e.maven.runtime_3.9.900.20240824-1409/jars/maven-compat-3.9.9.jar
2025-05-17 20:05:54,177 [Worker-24: Launching mavenrun-69bfb827-b0de-448a-8671-cb69d48528d0] INFO  o.eclipse.m2e.core.internal.Bundles - 	Entry: /Users/pthao/.p2/pool/plugins/org.eclipse.m2e.maven.runtime_3.9.900.20240824-1409/jars/maven-core-3.9.9.jar
2025-05-17 20:05:54,177 [Worker-24: Launching mavenrun-69bfb827-b0de-448a-8671-cb69d48528d0] INFO  o.eclipse.m2e.core.internal.Bundles - 	Entry: /Users/pthao/.p2/pool/plugins/org.eclipse.m2e.maven.runtime_3.9.900.20240824-1409/jars/maven-embedder-3.9.9.jar
2025-05-17 20:05:54,177 [Worker-24: Launching mavenrun-69bfb827-b0de-448a-8671-cb69d48528d0] INFO  o.eclipse.m2e.core.internal.Bundles - 	Entry: /Users/pthao/.p2/pool/plugins/org.eclipse.m2e.maven.runtime_3.9.900.20240824-1409/jars/maven-model-3.9.9.jar
2025-05-17 20:05:54,177 [Worker-24: Launching mavenrun-69bfb827-b0de-448a-8671-cb69d48528d0] INFO  o.eclipse.m2e.core.internal.Bundles - 	Entry: /Users/pthao/.p2/pool/plugins/org.eclipse.m2e.maven.runtime_3.9.900.20240824-1409/jars/maven-model-builder-3.9.9.jar
2025-05-17 20:05:54,177 [Worker-24: Launching mavenrun-69bfb827-b0de-448a-8671-cb69d48528d0] INFO  o.eclipse.m2e.core.internal.Bundles - 	Entry: /Users/pthao/.p2/pool/plugins/org.eclipse.m2e.maven.runtime_3.9.900.20240824-1409/jars/maven-plugin-api-3.9.9.jar
2025-05-17 20:05:54,177 [Worker-24: Launching mavenrun-69bfb827-b0de-448a-8671-cb69d48528d0] INFO  o.eclipse.m2e.core.internal.Bundles - 	Entry: /Users/pthao/.p2/pool/plugins/org.eclipse.m2e.maven.runtime_3.9.900.20240824-1409/jars/maven-repository-metadata-3.9.9.jar
2025-05-17 20:05:54,177 [Worker-24: Launching mavenrun-69bfb827-b0de-448a-8671-cb69d48528d0] INFO  o.eclipse.m2e.core.internal.Bundles - 	Entry: /Users/pthao/.p2/pool/plugins/org.eclipse.m2e.maven.runtime_3.9.900.20240824-1409/jars/maven-resolver-api-1.9.22.jar
2025-05-17 20:05:54,177 [Worker-24: Launching mavenrun-69bfb827-b0de-448a-8671-cb69d48528d0] INFO  o.eclipse.m2e.core.internal.Bundles - 	Entry: /Users/pthao/.p2/pool/plugins/org.eclipse.m2e.maven.runtime_3.9.900.20240824-1409/jars/maven-resolver-connector-basic-1.9.22.jar
2025-05-17 20:05:54,177 [Worker-24: Launching mavenrun-69bfb827-b0de-448a-8671-cb69d48528d0] INFO  o.eclipse.m2e.core.internal.Bundles - 	Entry: /Users/pthao/.p2/pool/plugins/org.eclipse.m2e.maven.runtime_3.9.900.20240824-1409/jars/maven-resolver-impl-1.9.22.jar
2025-05-17 20:05:54,177 [Worker-24: Launching mavenrun-69bfb827-b0de-448a-8671-cb69d48528d0] INFO  o.eclipse.m2e.core.internal.Bundles - 	Entry: /Users/pthao/.p2/pool/plugins/org.eclipse.m2e.maven.runtime_3.9.900.20240824-1409/jars/maven-resolver-named-locks-1.9.22.jar
2025-05-17 20:05:54,177 [Worker-24: Launching mavenrun-69bfb827-b0de-448a-8671-cb69d48528d0] INFO  o.eclipse.m2e.core.internal.Bundles - 	Entry: /Users/pthao/.p2/pool/plugins/org.eclipse.m2e.maven.runtime_3.9.900.20240824-1409/jars/maven-resolver-provider-3.9.9.jar
2025-05-17 20:05:54,177 [Worker-24: Launching mavenrun-69bfb827-b0de-448a-8671-cb69d48528d0] INFO  o.eclipse.m2e.core.internal.Bundles - 	Entry: /Users/pthao/.p2/pool/plugins/org.eclipse.m2e.maven.runtime_3.9.900.20240824-1409/jars/maven-resolver-spi-1.9.22.jar
2025-05-17 20:05:54,177 [Worker-24: Launching mavenrun-69bfb827-b0de-448a-8671-cb69d48528d0] INFO  o.eclipse.m2e.core.internal.Bundles - 	Entry: /Users/pthao/.p2/pool/plugins/org.eclipse.m2e.maven.runtime_3.9.900.20240824-1409/jars/maven-resolver-transport-file-1.9.22.jar
2025-05-17 20:05:54,177 [Worker-24: Launching mavenrun-69bfb827-b0de-448a-8671-cb69d48528d0] INFO  o.eclipse.m2e.core.internal.Bundles - 	Entry: /Users/pthao/.p2/pool/plugins/org.eclipse.m2e.maven.runtime_3.9.900.20240824-1409/jars/maven-resolver-transport-http-1.9.22.jar
2025-05-17 20:05:54,177 [Worker-24: Launching mavenrun-69bfb827-b0de-448a-8671-cb69d48528d0] INFO  o.eclipse.m2e.core.internal.Bundles - 	Entry: /Users/pthao/.p2/pool/plugins/org.eclipse.m2e.maven.runtime_3.9.900.20240824-1409/jars/maven-resolver-transport-wagon-1.9.22.jar
2025-05-17 20:05:54,177 [Worker-24: Launching mavenrun-69bfb827-b0de-448a-8671-cb69d48528d0] INFO  o.eclipse.m2e.core.internal.Bundles - 	Entry: /Users/pthao/.p2/pool/plugins/org.eclipse.m2e.maven.runtime_3.9.900.20240824-1409/jars/maven-resolver-util-1.9.22.jar
2025-05-17 20:05:54,177 [Worker-24: Launching mavenrun-69bfb827-b0de-448a-8671-cb69d48528d0] INFO  o.eclipse.m2e.core.internal.Bundles - 	Entry: /Users/pthao/.p2/pool/plugins/org.eclipse.m2e.maven.runtime_3.9.900.20240824-1409/jars/maven-settings-3.9.9.jar
2025-05-17 20:05:54,177 [Worker-24: Launching mavenrun-69bfb827-b0de-448a-8671-cb69d48528d0] INFO  o.eclipse.m2e.core.internal.Bundles - 	Entry: /Users/pthao/.p2/pool/plugins/org.eclipse.m2e.maven.runtime_3.9.900.20240824-1409/jars/maven-settings-builder-3.9.9.jar
2025-05-17 20:05:54,177 [Worker-24: Launching mavenrun-69bfb827-b0de-448a-8671-cb69d48528d0] INFO  o.eclipse.m2e.core.internal.Bundles - 	Entry: /Users/pthao/.p2/pool/plugins/org.eclipse.m2e.maven.runtime_3.9.900.20240824-1409/jars/maven-shared-utils-3.4.2.jar
2025-05-17 20:05:54,177 [Worker-24: Launching mavenrun-69bfb827-b0de-448a-8671-cb69d48528d0] INFO  o.eclipse.m2e.core.internal.Bundles - 	Entry: /Users/pthao/.p2/pool/plugins/org.eclipse.m2e.maven.runtime_3.9.900.20240824-1409/jars/org.eclipse.sisu.inject-0.9.0.M3.jar
2025-05-17 20:05:54,177 [Worker-24: Launching mavenrun-69bfb827-b0de-448a-8671-cb69d48528d0] INFO  o.eclipse.m2e.core.internal.Bundles - 	Entry: /Users/pthao/.p2/pool/plugins/org.eclipse.m2e.maven.runtime_3.9.900.20240824-1409/jars/org.eclipse.sisu.plexus-0.9.0.M3.jar
2025-05-17 20:05:54,177 [Worker-24: Launching mavenrun-69bfb827-b0de-448a-8671-cb69d48528d0] INFO  o.eclipse.m2e.core.internal.Bundles - 	Entry: /Users/pthao/.p2/pool/plugins/org.eclipse.m2e.maven.runtime_3.9.900.20240824-1409/jars/plexus-build-api-0.0.7.jar
2025-05-17 20:05:54,177 [Worker-24: Launching mavenrun-69bfb827-b0de-448a-8671-cb69d48528d0] INFO  o.eclipse.m2e.core.internal.Bundles - 	Entry: /Users/pthao/.p2/pool/plugins/org.eclipse.m2e.maven.runtime_3.9.900.20240824-1409/jars/plexus-build-api-1.2.0.jar
2025-05-17 20:05:54,177 [Worker-24: Launching mavenrun-69bfb827-b0de-448a-8671-cb69d48528d0] INFO  o.eclipse.m2e.core.internal.Bundles - 	Entry: /Users/pthao/.p2/pool/plugins/org.eclipse.m2e.maven.runtime_3.9.900.20240824-1409/jars/plexus-cipher-2.0.jar
2025-05-17 20:05:54,177 [Worker-24: Launching mavenrun-69bfb827-b0de-448a-8671-cb69d48528d0] INFO  o.eclipse.m2e.core.internal.Bundles - 	Entry: /Users/pthao/.p2/pool/plugins/org.eclipse.m2e.maven.runtime_3.9.900.20240824-1409/jars/plexus-classworlds-2.8.0.jar
2025-05-17 20:05:54,178 [Worker-24: Launching mavenrun-69bfb827-b0de-448a-8671-cb69d48528d0] INFO  o.eclipse.m2e.core.internal.Bundles - 	Entry: /Users/pthao/.p2/pool/plugins/org.eclipse.m2e.maven.runtime_3.9.900.20240824-1409/jars/plexus-component-annotations-2.1.0.jar
2025-05-17 20:05:54,179 [Worker-24: Launching mavenrun-69bfb827-b0de-448a-8671-cb69d48528d0] INFO  o.eclipse.m2e.core.internal.Bundles - 	Entry: /Users/pthao/.p2/pool/plugins/org.eclipse.m2e.maven.runtime_3.9.900.20240824-1409/jars/plexus-interpolation-1.27.jar
2025-05-17 20:05:54,179 [Worker-24: Launching mavenrun-69bfb827-b0de-448a-8671-cb69d48528d0] INFO  o.eclipse.m2e.core.internal.Bundles - 	Entry: /Users/pthao/.p2/pool/plugins/org.eclipse.m2e.maven.runtime_3.9.900.20240824-1409/jars/plexus-sec-dispatcher-2.0.jar
2025-05-17 20:05:54,179 [Worker-24: Launching mavenrun-69bfb827-b0de-448a-8671-cb69d48528d0] INFO  o.eclipse.m2e.core.internal.Bundles - 	Entry: /Users/pthao/.p2/pool/plugins/org.eclipse.m2e.maven.runtime_3.9.900.20240824-1409/jars/plexus-utils-3.5.1.jar
2025-05-17 20:05:54,179 [Worker-24: Launching mavenrun-69bfb827-b0de-448a-8671-cb69d48528d0] INFO  o.eclipse.m2e.core.internal.Bundles - 	Entry: /Users/pthao/.p2/pool/plugins/org.eclipse.m2e.maven.runtime_3.9.900.20240824-1409/jars/plexus-xml-3.0.1.jar
2025-05-17 20:05:54,179 [Worker-24: Launching mavenrun-69bfb827-b0de-448a-8671-cb69d48528d0] INFO  o.eclipse.m2e.core.internal.Bundles - 	Entry: /Users/pthao/.p2/pool/plugins/org.eclipse.m2e.maven.runtime_3.9.900.20240824-1409/jars/wagon-file-3.5.3.jar
2025-05-17 20:05:54,179 [Worker-24: Launching mavenrun-69bfb827-b0de-448a-8671-cb69d48528d0] INFO  o.eclipse.m2e.core.internal.Bundles - 	Entry: /Users/pthao/.p2/pool/plugins/org.eclipse.m2e.maven.runtime_3.9.900.20240824-1409/jars/wagon-http-3.5.3.jar
2025-05-17 20:05:54,179 [Worker-24: Launching mavenrun-69bfb827-b0de-448a-8671-cb69d48528d0] INFO  o.eclipse.m2e.core.internal.Bundles - 	Entry: /Users/pthao/.p2/pool/plugins/org.eclipse.m2e.maven.runtime_3.9.900.20240824-1409/jars/wagon-http-shared-3.5.3.jar
2025-05-17 20:05:54,179 [Worker-24: Launching mavenrun-69bfb827-b0de-448a-8671-cb69d48528d0] INFO  o.eclipse.m2e.core.internal.Bundles - 	Entry: /Users/pthao/.p2/pool/plugins/org.eclipse.m2e.maven.runtime_3.9.900.20240824-1409/jars/wagon-provider-api-3.5.3.jar
2025-05-17 20:05:54,180 [Worker-24: Launching mavenrun-69bfb827-b0de-448a-8671-cb69d48528d0] INFO  o.eclipse.m2e.core.internal.Bundles - getClasspathEntries(Bundle=com.google.guava_33.3.0.jre [10])
2025-05-17 20:05:54,180 [Worker-24: Launching mavenrun-69bfb827-b0de-448a-8671-cb69d48528d0] INFO  o.eclipse.m2e.core.internal.Bundles - 	Entry: /Users/pthao/.p2/pool/plugins/com.google.guava_33.3.0.jre.jar
2025-05-17 20:05:54,180 [Worker-24: Launching mavenrun-69bfb827-b0de-448a-8671-cb69d48528d0] INFO  o.eclipse.m2e.core.internal.Bundles - getClasspathEntries(Bundle=slf4j.api_2.0.17 [834])
2025-05-17 20:05:54,180 [Worker-24: Launching mavenrun-69bfb827-b0de-448a-8671-cb69d48528d0] INFO  o.eclipse.m2e.core.internal.Bundles - 	Entry: /Users/pthao/.p2/pool/plugins/slf4j.api_2.0.17.jar
2025-05-17 20:05:54,180 [Worker-24: Launching mavenrun-69bfb827-b0de-448a-8671-cb69d48528d0] INFO  o.eclipse.m2e.core.internal.Bundles - getClasspathEntries(Bundle=jakarta.inject.jakarta.inject-api_1.0.5 [22])
2025-05-17 20:05:54,181 [Worker-24: Launching mavenrun-69bfb827-b0de-448a-8671-cb69d48528d0] INFO  o.eclipse.m2e.core.internal.Bundles - 	Entry: /Users/pthao/.p2/pool/plugins/jakarta.inject.jakarta.inject-api_1.0.5.jar
2025-05-17 20:05:54,181 [Worker-24: Launching mavenrun-69bfb827-b0de-448a-8671-cb69d48528d0] INFO  o.eclipse.m2e.core.internal.Bundles - getClasspathEntries(Bundle=jakarta.annotation-api_1.3.5 [20])
2025-05-17 20:05:54,181 [Worker-24: Launching mavenrun-69bfb827-b0de-448a-8671-cb69d48528d0] INFO  o.eclipse.m2e.core.internal.Bundles - 	Entry: /Users/pthao/.p2/pool/plugins/jakarta.annotation-api_1.3.5.jar
2025-05-17 20:05:54,181 [Worker-24: Launching mavenrun-69bfb827-b0de-448a-8671-cb69d48528d0] INFO  o.eclipse.m2e.core.internal.Bundles - getClasspathEntries(Bundle=org.apache.commons.cli_1.9.0 [47])
2025-05-17 20:05:54,181 [Worker-24: Launching mavenrun-69bfb827-b0de-448a-8671-cb69d48528d0] INFO  o.eclipse.m2e.core.internal.Bundles - 	Entry: /Users/pthao/.p2/pool/plugins/org.apache.commons.cli_1.9.0.jar
2025-05-17 20:05:54,181 [Worker-24: Launching mavenrun-69bfb827-b0de-448a-8671-cb69d48528d0] INFO  o.eclipse.m2e.core.internal.Bundles - getClasspathEntries(Bundle=org.apache.commons.commons-codec_1.16.0 [50])
2025-05-17 20:05:54,181 [Worker-24: Launching mavenrun-69bfb827-b0de-448a-8671-cb69d48528d0] INFO  o.eclipse.m2e.core.internal.Bundles - 	Entry: /Users/pthao/.p2/pool/plugins/org.apache.commons.commons-codec_1.16.0.jar
2025-05-17 20:05:54,181 [Worker-24: Launching mavenrun-69bfb827-b0de-448a-8671-cb69d48528d0] INFO  o.eclipse.m2e.core.internal.Bundles - getClasspathEntries(Bundle=com.google.guava.failureaccess_1.0.2 [11])
2025-05-17 20:05:54,181 [Worker-24: Launching mavenrun-69bfb827-b0de-448a-8671-cb69d48528d0] INFO  o.eclipse.m2e.core.internal.Bundles - 	Entry: /Users/pthao/.p2/pool/plugins/com.google.guava.failureaccess_1.0.2.jar
2025-05-17 20:05:54,183 [Worker-24: Launching mavenrun-69bfb827-b0de-448a-8671-cb69d48528d0] INFO  o.e.m.i.launch.MavenLaunchDelegate - Run build in "/var/folders/xz/6tjdrkg93vd5g0xb9rhb75zw0000gn/T/m2e-archetypeGenerator9275377727748415682":
2025-05-17 20:05:54,187 [Worker-24: Launching mavenrun-69bfb827-b0de-448a-8671-cb69d48528d0] INFO  o.e.m.i.launch.MavenLaunchDelegate -  mvn  -DarchetypeGroupId=org.apache.maven.archetypes -DarchetypeArtifactId=maven-archetype-webapp -DarchetypeVersion=1.5 -DgroupId=com.javaserver -DartifactId=crm -Dversion=0.0.1-SNAPSHOT -Dpackage=com.javaserver.crm -DoutputDirectory=/Users/pthao/JavaServerApi -Dstyle.color=always -U archetype:generate
2025-05-17 20:06:38,567 [Worker-1: Creating maven-archetype-webapp] INFO  o.e.m.c.i.p.ProjectConfigurationManager - Collecting project info '/pom.xml' /Users/pthao/JavaServerApi/crm/pom.xml
2025-05-17 20:06:38,888 [Worker-1: Creating maven-archetype-webapp] INFO  o.e.m.c.i.l.LifecycleMappingFactory - Using org.eclipse.m2e.jdt.JarLifecycleMapping lifecycle mapping for MavenProject: com.javaserver:crm:0.0.1-SNAPSHOT @ /Users/pthao/JavaServerApi/crm/pom.xml.
2025-05-17 20:06:38,995 [Worker-1: Creating maven-archetype-webapp] INFO  o.e.m.j.i.AbstractJavaProjectConfigurator - Adding source folder /crm/src/main/java
2025-05-17 20:06:38,996 [Worker-1: Creating maven-archetype-webapp] INFO  o.e.m.j.i.AbstractJavaProjectConfigurator - Adding resource folder /crm/src/main/resources
2025-05-17 20:06:38,996 [Worker-1: Creating maven-archetype-webapp] INFO  o.e.m.j.i.AbstractJavaProjectConfigurator - Adding source folder /crm/src/test/java
2025-05-17 20:06:38,997 [Worker-1: Creating maven-archetype-webapp] INFO  o.e.m.j.i.AbstractJavaProjectConfigurator - Adding resource folder /crm/src/test/resources
2025-05-17 20:06:39,119 [Worker-1: Creating maven-archetype-webapp] INFO  o.e.m.c.i.p.ProjectConfigurationManager - Imported and configured 1 project(s) in 0 sec
2025-05-17 20:06:39,426 [Worker-24: Building] INFO  o.a.m.s.f.DefaultMavenResourcesFiltering - skip non existing resourceDirectory /Users/pthao/JavaServerApi/crm/src/main/resources
2025-05-17 20:06:39,428 [Worker-24: Building] INFO  o.a.m.s.f.DefaultMavenResourcesFiltering - skip non existing resourceDirectory /Users/pthao/JavaServerApi/crm/src/test/resources
2025-05-17 20:07:27,257 [Worker-6: Building] INFO  o.a.m.s.f.DefaultMavenResourcesFiltering - Copying 0 resource from src/main/resources to target/classes
2025-05-17 20:07:27,262 [Worker-6: Building] INFO  o.a.m.s.f.DefaultMavenResourcesFiltering - Copying 0 resource from src/test/resources to target/test-classes
2025-05-17 20:25:09,691 [Worker-17: Building] INFO  o.e.m.c.i.l.LifecycleMappingFactory - Using org.eclipse.m2e.jdt.JarLifecycleMapping lifecycle mapping for MavenProject: com.javaserver:crm:0.0.1-SNAPSHOT @ /Users/pthao/JavaServerApi/crm/pom.xml.
2025-05-17 20:25:09,806 [Worker-17: Building] INFO  o.a.m.s.f.DefaultMavenResourcesFiltering - Copying 0 resource from src/main/resources to target/classes
2025-05-17 20:25:09,808 [Worker-17: Building] INFO  o.a.m.s.f.DefaultMavenResourcesFiltering - Copying 0 resource from src/test/resources to target/test-classes
2025-05-17 20:27:32,317 [ModalContext] INFO  o.b.c.a.StaticComponentContainer - (StaticComponentContainer.java:368) - Instantiated org.burningwave.core.SLF4JManagedLoggerRepository
2025-05-17 20:27:32,319 [ModalContext] INFO  o.b.c.a.StaticComponentContainer - (StaticComponentContainer.java:369) - 

	Configuration values for static components:

		background-executor.all-tasks-monitoring.enabled=\
			true
		background-executor.all-tasks-monitoring.interval=\
			30000
		background-executor.all-tasks-monitoring.logger.enabled=\
			false
		background-executor.all-tasks-monitoring.minimum-elapsed-time-to-consider-a-task-as-probable-dead-locked=\
			300000
		background-executor.all-tasks-monitoring.probable-dead-locked-tasks-handling.policy=\
			log only
		background-executor.queued-task-executor[0].name=\
			Low priority tasks
		background-executor.queued-task-executor[0].priority=\
			1
		background-executor.queued-task-executor[1].name=\
			Normal priority tasks
		background-executor.queued-task-executor[1].priority=\
			5
		background-executor.queued-task-executor[2].name=\
			High priority tasks
		background-executor.queued-task-executor[2].priority=\
			10
		background-executor.task-creation-tracking.enabled=\
			${background-executor.all-tasks-monitoring.enabled}
		banner.additonal-informations=\
			${Implementation-Title} ${Implementation-Version}
		banner.additonal-informations.retrieve-from-manifest-file-with-implementation-title=\
			Burningwave Core
		banner.file=\
			org/burningwave/banner.bwb
		banner.hide=\
			true
		buffer-handler.default-allocation-mode=\
			ByteBuffer::allocateDirect
		buffer-handler.default-buffer-size=\
			1024
		group-name-for-named-elements=\
			Burningwave
		iterable-object-helper.default-values-separator=\
			;
		iterable-object-helper.parallel-iteration.applicability.default-minimum-collection-size=\
			2
		iterable-object-helper.parallel-iteration.applicability.max-runtime-thread-count-threshold=\
			autodetect
		iterable-object-helper.parallel-iteration.applicability.output-collection-enabled-types=\
			java.util.concurrent.ConcurrentHashMap$CollectionView;\
			java.util.Collections$SynchronizedCollection;\
			java.util.concurrent.CopyOnWriteArrayList;\
			java.util.concurrent.CopyOnWriteArraySet;\
			java.util.concurrent.BlockingQueue;\
			java.util.concurrent.ConcurrentSkipListSet;\
			java.util.concurrent.ConcurrentSkipListMap$EntrySet;\
			java.util.concurrent.ConcurrentSkipListMap$KeySet;\
			java.util.concurrent.ConcurrentSkipListMap$Values;
		jvm.driver.init=\
			false
		managed-logger.repository=\
			autodetect
		managed-logger.repository.enabled=\
			true
		managed-logger.repository.logging.warn.disabled-for=\
			org.burningwave.core.assembler.ComponentContainer$ClassLoader;\
			org.burningwave.core.classes.MemoryClassLoader;\
			org.burningwave.core.classes.PathScannerClassLoader;
		modules.export-all-to-all=\
			true
		resource-releaser.enabled=\
			true
		synchronizer.all-threads-monitoring.enabled=\
			false
		synchronizer.all-threads-monitoring.interval=\
			90000
		thread-supplier.default-daemon-flag-value=\
			true
		thread-supplier.default-thread-priority=\
			5
		thread-supplier.max-detached-thread-count=\
			${thread-supplier.max-poolable-thread-count}
		thread-supplier.max-detached-thread-count.elapsed-time-threshold-from-last-increase-for-gradual-decreasing-to-initial-value=\
			30000
		thread-supplier.max-detached-thread-count.increasing-step=\
			autodetect
		thread-supplier.max-poolable-thread-count=\
			autodetect
		thread-supplier.poolable-thread-request-timeout=\
			6000


2025-05-17 20:27:32,321 [ModalContext] INFO  o.b.core.jvm.BufferHandler - (BufferHandler.java:127) - default buffer size: 1024 bytes
2025-05-17 20:27:32,321 [ModalContext] INFO  o.b.core.jvm.BufferHandler - (BufferHandler.java:141) - default allocation mode: ByteBuffer::allocateDirect
2025-05-17 20:27:32,323 [ModalContext] INFO  org.burningwave.core.Cache - (Cache.java:76) - Building cache
2025-05-17 20:27:32,337 [ModalContext] INFO  o.b.c.a.StaticComponentContainer - (StaticComponentContainer.java:443) - org.burningwave.core.assembler.StaticComponentContainer initialized in 0.088748375 seconds
2025-05-17 20:27:32,749 [Worker-19: Building] INFO  o.a.m.s.f.DefaultMavenResourcesFiltering - Copying 0 resource from src/main/resources to target/classes
2025-05-17 20:27:32,751 [Worker-19: Building] INFO  o.a.m.s.f.DefaultMavenResourcesFiltering - Copying 0 resource from src/test/resources to target/test-classes
2025-05-17 20:36:09,030 [Worker-26: Compute Mappings for project crm] INFO  o.e.m.c.i.l.LifecycleMappingFactory - Using org.eclipse.m2e.jdt.JarLifecycleMapping lifecycle mapping for MavenProject: com.javaserver:crm:0.0.1-SNAPSHOT @ /Users/pthao/JavaServerApi/crm/pom.xml.
2025-05-17 20:45:49,068 [main] INFO  o.b.c.a.StaticComponentContainer - (StaticComponentContainer.java:368) - Instantiated org.burningwave.core.SLF4JManagedLoggerRepository
2025-05-17 20:45:49,070 [main] INFO  o.b.c.a.StaticComponentContainer - (StaticComponentContainer.java:369) - 

	Configuration values for static components:

		background-executor.all-tasks-monitoring.enabled=\
			true
		background-executor.all-tasks-monitoring.interval=\
			30000
		background-executor.all-tasks-monitoring.logger.enabled=\
			false
		background-executor.all-tasks-monitoring.minimum-elapsed-time-to-consider-a-task-as-probable-dead-locked=\
			300000
		background-executor.all-tasks-monitoring.probable-dead-locked-tasks-handling.policy=\
			log only
		background-executor.queued-task-executor[0].name=\
			Low priority tasks
		background-executor.queued-task-executor[0].priority=\
			1
		background-executor.queued-task-executor[1].name=\
			Normal priority tasks
		background-executor.queued-task-executor[1].priority=\
			5
		background-executor.queued-task-executor[2].name=\
			High priority tasks
		background-executor.queued-task-executor[2].priority=\
			10
		background-executor.task-creation-tracking.enabled=\
			${background-executor.all-tasks-monitoring.enabled}
		banner.additonal-informations=\
			${Implementation-Title} ${Implementation-Version}
		banner.additonal-informations.retrieve-from-manifest-file-with-implementation-title=\
			Burningwave Core
		banner.file=\
			org/burningwave/banner.bwb
		banner.hide=\
			true
		buffer-handler.default-allocation-mode=\
			ByteBuffer::allocateDirect
		buffer-handler.default-buffer-size=\
			1024
		group-name-for-named-elements=\
			Burningwave
		iterable-object-helper.default-values-separator=\
			;
		iterable-object-helper.parallel-iteration.applicability.default-minimum-collection-size=\
			2
		iterable-object-helper.parallel-iteration.applicability.max-runtime-thread-count-threshold=\
			autodetect
		iterable-object-helper.parallel-iteration.applicability.output-collection-enabled-types=\
			java.util.concurrent.ConcurrentHashMap$CollectionView;\
			java.util.Collections$SynchronizedCollection;\
			java.util.concurrent.CopyOnWriteArrayList;\
			java.util.concurrent.CopyOnWriteArraySet;\
			java.util.concurrent.BlockingQueue;\
			java.util.concurrent.ConcurrentSkipListSet;\
			java.util.concurrent.ConcurrentSkipListMap$EntrySet;\
			java.util.concurrent.ConcurrentSkipListMap$KeySet;\
			java.util.concurrent.ConcurrentSkipListMap$Values;
		jvm.driver.init=\
			false
		managed-logger.repository=\
			autodetect
		managed-logger.repository.enabled=\
			true
		managed-logger.repository.logging.warn.disabled-for=\
			org.burningwave.core.assembler.ComponentContainer$ClassLoader;\
			org.burningwave.core.classes.MemoryClassLoader;\
			org.burningwave.core.classes.PathScannerClassLoader;
		modules.export-all-to-all=\
			true
		resource-releaser.enabled=\
			true
		synchronizer.all-threads-monitoring.enabled=\
			false
		synchronizer.all-threads-monitoring.interval=\
			90000
		thread-supplier.default-daemon-flag-value=\
			true
		thread-supplier.default-thread-priority=\
			5
		thread-supplier.max-detached-thread-count=\
			${thread-supplier.max-poolable-thread-count}
		thread-supplier.max-detached-thread-count.elapsed-time-threshold-from-last-increase-for-gradual-decreasing-to-initial-value=\
			30000
		thread-supplier.max-detached-thread-count.increasing-step=\
			autodetect
		thread-supplier.max-poolable-thread-count=\
			autodetect
		thread-supplier.poolable-thread-request-timeout=\
			6000


2025-05-17 20:45:49,071 [main] INFO  o.b.core.jvm.BufferHandler - (BufferHandler.java:127) - default buffer size: 1024 bytes
2025-05-17 20:45:49,071 [main] INFO  o.b.core.jvm.BufferHandler - (BufferHandler.java:141) - default allocation mode: ByteBuffer::allocateDirect
2025-05-17 20:45:49,073 [main] INFO  org.burningwave.core.Cache - (Cache.java:76) - Building cache
2025-05-17 20:45:49,085 [main] INFO  o.b.c.a.StaticComponentContainer - (StaticComponentContainer.java:443) - org.burningwave.core.assembler.StaticComponentContainer initialized in 0.060957333 seconds
2025-05-17 20:45:49,904 [Worker-1: Loading available Gradle versions] INFO  o.e.b.c.i.u.g.PublishedGradleVersions - Gradle version information cache is up-to-date. Trying to read.
2025-05-17 20:50:16,965 [Worker-22: Building] INFO  o.a.m.s.f.DefaultMavenResourcesFiltering - Copying 0 resource from src/main/resources to target/classes
2025-05-17 20:50:16,971 [Worker-22: Building] INFO  o.a.m.s.f.DefaultMavenResourcesFiltering - Copying 0 resource from src/test/resources to target/test-classes
2025-05-17 20:53:15,061 [Worker-19: Building Project crm] INFO  o.a.m.s.f.DefaultMavenResourcesFiltering - Copying 0 resource from src/main/resources to target/classes
2025-05-17 20:53:15,063 [Worker-19: Building Project crm] INFO  o.a.m.s.f.DefaultMavenResourcesFiltering - Copying 0 resource from src/test/resources to target/test-classes
2025-05-17 20:53:25,283 [Worker-25: Building] INFO  o.a.m.s.f.DefaultMavenResourcesFiltering - Copying 0 resource from src/main/resources to target/classes
2025-05-17 20:53:25,285 [Worker-25: Building] INFO  o.a.m.s.f.DefaultMavenResourcesFiltering - Copying 0 resource from src/test/resources to target/test-classes
2025-05-17 20:53:26,324 [Worker-22: Building] INFO  o.a.m.s.f.DefaultMavenResourcesFiltering - Copying 0 resource from src/main/resources to target/classes
2025-05-17 20:53:26,327 [Worker-22: Building] INFO  o.a.m.s.f.DefaultMavenResourcesFiltering - Copying 0 resource from src/test/resources to target/test-classes
2025-05-17 21:25:16,309 [Worker-21: Building] INFO  o.a.m.s.f.DefaultMavenResourcesFiltering - Copying 0 resource from src/main/resources to target/classes
2025-05-17 21:25:16,311 [Worker-21: Building] INFO  o.a.m.s.f.DefaultMavenResourcesFiltering - Copying 0 resource from src/test/resources to target/test-classes
2025-05-17 22:25:56,639 [Worker-17: Building] INFO  o.e.m.c.i.l.LifecycleMappingFactory - Using org.eclipse.m2e.jdt.JarLifecycleMapping lifecycle mapping for MavenProject: com.javaserver:crm:0.0.1-SNAPSHOT @ /Users/pthao/JavaServerApi/crm/pom.xml.
2025-05-17 22:25:56,935 [Worker-17: Building] INFO  o.e.m.c.i.e.AbstractTransferListenerAdapter - Downloading https://repo.maven.apache.org/maven2/com/mysql/mysql-connector-j/9.3.0/mysql-connector-j-9.3.0.pom
2025-05-17 22:25:56,940 [Worker-17: Building] INFO  o.e.m.c.i.e.AbstractTransferListenerAdapter - Downloaded https://repo.maven.apache.org/maven2/com/mysql/mysql-connector-j/9.3.0/mysql-connector-j-9.3.0.pom
2025-05-17 22:25:57,210 [Worker-17: Building] INFO  o.e.m.c.i.e.AbstractTransferListenerAdapter - Downloading https://repo.maven.apache.org/maven2/com/google/protobuf/protobuf-java/4.29.0/protobuf-java-4.29.0.pom
2025-05-17 22:25:57,214 [Worker-17: Building] INFO  o.e.m.c.i.e.AbstractTransferListenerAdapter - Downloaded https://repo.maven.apache.org/maven2/com/google/protobuf/protobuf-java/4.29.0/protobuf-java-4.29.0.pom
2025-05-17 22:25:57,274 [Worker-17: Building] INFO  o.e.m.c.i.e.AbstractTransferListenerAdapter - Downloading https://repo.maven.apache.org/maven2/com/google/protobuf/protobuf-parent/4.29.0/protobuf-parent-4.29.0.pom
2025-05-17 22:25:57,284 [Worker-17: Building] INFO  o.e.m.c.i.e.AbstractTransferListenerAdapter - Downloaded https://repo.maven.apache.org/maven2/com/google/protobuf/protobuf-parent/4.29.0/protobuf-parent-4.29.0.pom
2025-05-17 22:25:57,345 [Worker-17: Building] INFO  o.e.m.c.i.e.AbstractTransferListenerAdapter - Downloading https://repo.maven.apache.org/maven2/com/google/protobuf/protobuf-bom/4.29.0/protobuf-bom-4.29.0.pom
2025-05-17 22:25:57,348 [Worker-17: Building] INFO  o.e.m.c.i.e.AbstractTransferListenerAdapter - Downloaded https://repo.maven.apache.org/maven2/com/google/protobuf/protobuf-bom/4.29.0/protobuf-bom-4.29.0.pom
2025-05-17 22:25:57,413 [Worker-17: Building] INFO  o.e.m.c.i.e.AbstractTransferListenerAdapter - Downloading https://repo.maven.apache.org/maven2/com/mysql/mysql-connector-j/9.3.0/mysql-connector-j-9.3.0.jar
2025-05-17 22:25:57,930 [Worker-17: Building] INFO  o.e.m.c.i.e.AbstractTransferListenerAdapter - Downloaded https://repo.maven.apache.org/maven2/com/mysql/mysql-connector-j/9.3.0/mysql-connector-j-9.3.0.jar
2025-05-17 22:25:57,983 [BasicRepositoryConnector-repo.maven.apache.org-0-0] INFO  o.e.m.c.i.e.AbstractTransferListenerAdapter - Downloading https://repo.maven.apache.org/maven2/com/google/protobuf/protobuf-java/4.29.0/protobuf-java-4.29.0.jar
2025-05-17 22:25:58,280 [BasicRepositoryConnector-repo.maven.apache.org-0-0] INFO  o.e.m.c.i.e.AbstractTransferListenerAdapter - Downloaded https://repo.maven.apache.org/maven2/com/google/protobuf/protobuf-java/4.29.0/protobuf-java-4.29.0.jar
2025-05-17 22:25:58,394 [Worker-17: Building] INFO  o.a.m.s.f.DefaultMavenResourcesFiltering - Copying 0 resource from src/main/resources to target/classes
2025-05-17 22:25:58,397 [Worker-17: Building] INFO  o.a.m.s.f.DefaultMavenResourcesFiltering - Copying 0 resource from src/test/resources to target/test-classes
2025-05-17 22:25:59,499 [Worker-17: Download sources and javadoc] INFO  o.e.m.c.i.e.AbstractTransferListenerAdapter - Downloading https://repo.maven.apache.org/maven2/com/mysql/mysql-connector-j/9.3.0/mysql-connector-j-9.3.0-sources.jar
2025-05-17 22:26:00,002 [Worker-17: Download sources and javadoc] INFO  o.e.m.c.i.e.AbstractTransferListenerAdapter - Downloaded https://repo.maven.apache.org/maven2/com/mysql/mysql-connector-j/9.3.0/mysql-connector-j-9.3.0-sources.jar
2025-05-17 22:26:00,005 [Worker-17: Download sources and javadoc] INFO  o.e.m.j.internal.DownloadSourcesJob - Downloaded sources for com.mysql:mysql-connector-j:9.3.0
2025-05-17 22:26:00,179 [Worker-17: Download sources and javadoc] INFO  o.e.m.c.i.e.AbstractTransferListenerAdapter - Downloading https://repo.maven.apache.org/maven2/com/google/protobuf/protobuf-java/4.29.0/protobuf-java-4.29.0-sources.jar
2025-05-17 22:26:00,419 [Worker-17: Download sources and javadoc] INFO  o.e.m.c.i.e.AbstractTransferListenerAdapter - Downloaded https://repo.maven.apache.org/maven2/com/google/protobuf/protobuf-java/4.29.0/protobuf-java-4.29.0-sources.jar
2025-05-17 22:26:00,420 [Worker-17: Download sources and javadoc] INFO  o.e.m.j.internal.DownloadSourcesJob - Downloaded sources for com.google.protobuf:protobuf-java:4.29.0
2025-05-17 22:29:14,864 [Worker-30: Building] INFO  o.a.m.s.f.DefaultMavenResourcesFiltering - Copying 0 resource from src/main/resources to target/classes
2025-05-17 22:29:14,866 [Worker-30: Building] INFO  o.a.m.s.f.DefaultMavenResourcesFiltering - Copying 0 resource from src/test/resources to target/test-classes
2025-05-17 22:29:46,142 [Worker-17: Building] INFO  o.a.m.s.f.DefaultMavenResourcesFiltering - Copying 0 resource from src/main/resources to target/classes
2025-05-17 22:29:46,144 [Worker-17: Building] INFO  o.a.m.s.f.DefaultMavenResourcesFiltering - Copying 0 resource from src/test/resources to target/test-classes
2025-05-18 15:32:08,438 [Worker-31: Building] INFO  o.e.m.c.i.l.LifecycleMappingFactory - Using org.eclipse.m2e.jdt.JarLifecycleMapping lifecycle mapping for MavenProject: com.javaserver:crm:0.0.1-SNAPSHOT @ /Users/pthao/JavaServerApi/crm/pom.xml.
2025-05-18 15:32:08,702 [Worker-31: Building] INFO  o.e.m.c.i.e.AbstractTransferListenerAdapter - Downloading https://repo.maven.apache.org/maven2/org/postgresql/postgresql/42.7.5/postgresql-42.7.5.pom
2025-05-18 15:32:08,708 [Worker-31: Building] INFO  o.e.m.c.i.e.AbstractTransferListenerAdapter - Downloaded https://repo.maven.apache.org/maven2/org/postgresql/postgresql/42.7.5/postgresql-42.7.5.pom
2025-05-18 15:32:08,778 [Worker-31: Building] INFO  o.e.m.c.i.e.AbstractTransferListenerAdapter - Downloading https://repo.maven.apache.org/maven2/org/checkerframework/checker-qual/3.48.3/checker-qual-3.48.3.pom
2025-05-18 15:32:08,781 [Worker-31: Building] INFO  o.e.m.c.i.e.AbstractTransferListenerAdapter - Downloaded https://repo.maven.apache.org/maven2/org/checkerframework/checker-qual/3.48.3/checker-qual-3.48.3.pom
2025-05-18 15:32:08,840 [Worker-31: Building] INFO  o.e.m.c.i.e.AbstractTransferListenerAdapter - Downloading https://repo.maven.apache.org/maven2/org/postgresql/postgresql/42.7.5/postgresql-42.7.5.jar
2025-05-18 15:32:09,913 [Worker-31: Building] INFO  o.e.m.c.i.e.AbstractTransferListenerAdapter - Downloaded https://repo.maven.apache.org/maven2/org/postgresql/postgresql/42.7.5/postgresql-42.7.5.jar
2025-05-18 15:32:09,975 [BasicRepositoryConnector-repo.maven.apache.org-1-0] INFO  o.e.m.c.i.e.AbstractTransferListenerAdapter - Downloading https://repo.maven.apache.org/maven2/org/checkerframework/checker-qual/3.48.3/checker-qual-3.48.3.jar
2025-05-18 15:32:10,007 [BasicRepositoryConnector-repo.maven.apache.org-1-0] INFO  o.e.m.c.i.e.AbstractTransferListenerAdapter - Downloaded https://repo.maven.apache.org/maven2/org/checkerframework/checker-qual/3.48.3/checker-qual-3.48.3.jar
2025-05-18 15:32:10,211 [Worker-31: Building] INFO  o.a.m.s.f.DefaultMavenResourcesFiltering - Copying 0 resource from src/main/resources to target/classes
2025-05-18 15:32:10,213 [Worker-31: Building] INFO  o.a.m.s.f.DefaultMavenResourcesFiltering - Copying 0 resource from src/test/resources to target/test-classes
2025-05-18 15:32:11,238 [Worker-34: Download sources and javadoc] INFO  o.e.m.c.i.e.AbstractTransferListenerAdapter - Downloading https://repo.maven.apache.org/maven2/org/postgresql/postgresql/42.7.5/postgresql-42.7.5-sources.jar
2025-05-18 15:32:11,535 [Worker-34: Download sources and javadoc] INFO  o.e.m.c.i.e.AbstractTransferListenerAdapter - Downloaded https://repo.maven.apache.org/maven2/org/postgresql/postgresql/42.7.5/postgresql-42.7.5-sources.jar
2025-05-18 15:32:11,536 [Worker-34: Download sources and javadoc] INFO  o.e.m.j.internal.DownloadSourcesJob - Downloaded sources for org.postgresql:postgresql:42.7.5
2025-05-18 15:32:11,690 [Worker-34: Download sources and javadoc] INFO  o.e.m.c.i.e.AbstractTransferListenerAdapter - Downloading https://repo.maven.apache.org/maven2/org/checkerframework/checker-qual/3.48.3/checker-qual-3.48.3-sources.jar
2025-05-18 15:32:11,847 [Worker-34: Download sources and javadoc] INFO  o.e.m.c.i.e.AbstractTransferListenerAdapter - Downloaded https://repo.maven.apache.org/maven2/org/checkerframework/checker-qual/3.48.3/checker-qual-3.48.3-sources.jar
2025-05-18 15:32:11,849 [Worker-34: Download sources and javadoc] INFO  o.e.m.j.internal.DownloadSourcesJob - Downloaded sources for org.checkerframework:checker-qual:3.48.3
2025-05-18 15:32:28,796 [Worker-31: Building] INFO  o.a.m.s.f.DefaultMavenResourcesFiltering - Copying 0 resource from src/main/resources to target/classes
2025-05-18 15:32:28,797 [Worker-31: Building] INFO  o.a.m.s.f.DefaultMavenResourcesFiltering - Copying 0 resource from src/test/resources to target/test-classes
2025-05-18 15:33:01,984 [Worker-36: Building] INFO  o.a.m.s.f.DefaultMavenResourcesFiltering - Copying 0 resource from src/main/resources to target/classes
2025-05-18 15:33:01,986 [Worker-36: Building] INFO  o.a.m.s.f.DefaultMavenResourcesFiltering - Copying 0 resource from src/test/resources to target/test-classes
2025-05-18 16:06:42,406 [Worker-39: Building] INFO  o.a.m.s.f.DefaultMavenResourcesFiltering - Copying 0 resource from src/main/resources to target/classes
2025-05-18 16:06:42,408 [Worker-39: Building] INFO  o.a.m.s.f.DefaultMavenResourcesFiltering - Copying 0 resource from src/test/resources to target/test-classes
2025-05-18 16:09:02,573 [Worker-33: Building] INFO  o.a.m.s.f.DefaultMavenResourcesFiltering - Copying 0 resource from src/main/resources to target/classes
2025-05-18 16:09:02,575 [Worker-33: Building] INFO  o.a.m.s.f.DefaultMavenResourcesFiltering - Copying 0 resource from src/test/resources to target/test-classes
2025-05-18 16:09:13,044 [Worker-37: Building] INFO  o.a.m.s.f.DefaultMavenResourcesFiltering - Copying 0 resource from src/main/resources to target/classes
2025-05-18 16:09:13,046 [Worker-37: Building] INFO  o.a.m.s.f.DefaultMavenResourcesFiltering - Copying 0 resource from src/test/resources to target/test-classes
2025-05-18 16:39:05,604 [Worker-33: Building] INFO  o.a.m.s.f.DefaultMavenResourcesFiltering - Copying 0 resource from src/main/resources to target/classes
2025-05-18 16:39:05,606 [Worker-33: Building] INFO  o.a.m.s.f.DefaultMavenResourcesFiltering - Copying 0 resource from src/test/resources to target/test-classes
2025-05-18 16:40:18,791 [Worker-40: Building] INFO  o.a.m.s.f.DefaultMavenResourcesFiltering - Copying 0 resource from src/main/resources to target/classes
2025-05-18 16:40:18,793 [Worker-40: Building] INFO  o.a.m.s.f.DefaultMavenResourcesFiltering - Copying 0 resource from src/test/resources to target/test-classes
2025-05-18 16:41:14,163 [Worker-40: Building] INFO  o.a.m.s.f.DefaultMavenResourcesFiltering - Copying 0 resource from src/main/resources to target/classes
2025-05-18 16:41:14,164 [Worker-40: Building] INFO  o.a.m.s.f.DefaultMavenResourcesFiltering - Copying 0 resource from src/test/resources to target/test-classes
2025-05-18 16:42:30,539 [Worker-40: Building] INFO  o.a.m.s.f.DefaultMavenResourcesFiltering - Copying 0 resource from src/main/resources to target/classes
2025-05-18 16:42:30,541 [Worker-40: Building] INFO  o.a.m.s.f.DefaultMavenResourcesFiltering - Copying 0 resource from src/test/resources to target/test-classes
2025-05-18 16:47:24,626 [Worker-40: Building] INFO  o.a.m.s.f.DefaultMavenResourcesFiltering - Copying 0 resource from src/main/resources to target/classes
2025-05-18 16:47:24,628 [Worker-40: Building] INFO  o.a.m.s.f.DefaultMavenResourcesFiltering - Copying 0 resource from src/test/resources to target/test-classes
2025-05-18 16:51:39,277 [Worker-39: Building] INFO  o.a.m.s.f.DefaultMavenResourcesFiltering - Copying 0 resource from src/main/resources to target/classes
2025-05-18 16:51:39,278 [Worker-39: Building] INFO  o.a.m.s.f.DefaultMavenResourcesFiltering - Copying 0 resource from src/test/resources to target/test-classes
2025-05-18 16:52:14,784 [Worker-41: Building] INFO  o.a.m.s.f.DefaultMavenResourcesFiltering - Copying 0 resource from src/main/resources to target/classes
2025-05-18 16:52:14,786 [Worker-41: Building] INFO  o.a.m.s.f.DefaultMavenResourcesFiltering - Copying 0 resource from src/test/resources to target/test-classes
2025-05-18 16:52:19,710 [Worker-41: Building] INFO  o.a.m.s.f.DefaultMavenResourcesFiltering - Copying 0 resource from src/main/resources to target/classes
2025-05-18 16:52:19,712 [Worker-41: Building] INFO  o.a.m.s.f.DefaultMavenResourcesFiltering - Copying 0 resource from src/test/resources to target/test-classes
2025-05-18 16:52:22,259 [Worker-37: Building] INFO  o.a.m.s.f.DefaultMavenResourcesFiltering - Copying 0 resource from src/main/resources to target/classes
2025-05-18 16:52:22,261 [Worker-37: Building] INFO  o.a.m.s.f.DefaultMavenResourcesFiltering - Copying 0 resource from src/test/resources to target/test-classes
2025-05-18 17:06:16,997 [Worker-44: Building] INFO  o.a.m.s.f.DefaultMavenResourcesFiltering - Copying 0 resource from src/main/resources to target/classes
2025-05-18 17:06:16,999 [Worker-44: Building] INFO  o.a.m.s.f.DefaultMavenResourcesFiltering - Copying 0 resource from src/test/resources to target/test-classes
2025-05-18 17:25:52,821 [Worker-52: Building] INFO  o.a.m.s.f.DefaultMavenResourcesFiltering - Copying 0 resource from src/main/resources to target/classes
2025-05-18 17:25:52,823 [Worker-52: Building] INFO  o.a.m.s.f.DefaultMavenResourcesFiltering - Copying 0 resource from src/test/resources to target/test-classes
2025-05-18 17:28:20,196 [Worker-43: Building] INFO  o.a.m.s.f.DefaultMavenResourcesFiltering - Copying 0 resource from src/main/resources to target/classes
2025-05-18 17:28:20,199 [Worker-43: Building] INFO  o.a.m.s.f.DefaultMavenResourcesFiltering - Copying 0 resource from src/test/resources to target/test-classes
2025-05-18 17:28:27,941 [Worker-43: Building] INFO  o.a.m.s.f.DefaultMavenResourcesFiltering - Copying 0 resource from src/main/resources to target/classes
2025-05-18 17:28:27,942 [Worker-43: Building] INFO  o.a.m.s.f.DefaultMavenResourcesFiltering - Copying 0 resource from src/test/resources to target/test-classes
2025-05-18 17:28:30,873 [Worker-45: Building] INFO  o.a.m.s.f.DefaultMavenResourcesFiltering - Copying 0 resource from src/main/resources to target/classes
2025-05-18 17:28:30,874 [Worker-45: Building] INFO  o.a.m.s.f.DefaultMavenResourcesFiltering - Copying 0 resource from src/test/resources to target/test-classes
2025-05-18 17:28:44,996 [Worker-50: Building] INFO  o.a.m.s.f.DefaultMavenResourcesFiltering - Copying 0 resource from src/main/resources to target/classes
2025-05-18 17:28:44,997 [Worker-50: Building] INFO  o.a.m.s.f.DefaultMavenResourcesFiltering - Copying 0 resource from src/test/resources to target/test-classes
2025-05-18 17:29:01,024 [Worker-54: Building] INFO  o.a.m.s.f.DefaultMavenResourcesFiltering - Copying 0 resource from src/main/resources to target/classes
2025-05-18 17:29:01,025 [Worker-54: Building] INFO  o.a.m.s.f.DefaultMavenResourcesFiltering - Copying 0 resource from src/test/resources to target/test-classes
2025-05-18 17:29:12,537 [Worker-55: Building] INFO  o.a.m.s.f.DefaultMavenResourcesFiltering - Copying 0 resource from src/main/resources to target/classes
2025-05-18 17:29:12,539 [Worker-55: Building] INFO  o.a.m.s.f.DefaultMavenResourcesFiltering - Copying 0 resource from src/test/resources to target/test-classes
2025-05-18 17:29:27,269 [Worker-55: Building] INFO  o.a.m.s.f.DefaultMavenResourcesFiltering - Copying 0 resource from src/main/resources to target/classes
2025-05-18 17:29:27,271 [Worker-55: Building] INFO  o.a.m.s.f.DefaultMavenResourcesFiltering - Copying 0 resource from src/test/resources to target/test-classes
2025-05-18 19:01:01,313 [Worker-65: Building] INFO  o.a.m.s.f.DefaultMavenResourcesFiltering - Copying 0 resource from src/main/resources to target/classes
2025-05-18 19:01:01,316 [Worker-65: Building] INFO  o.a.m.s.f.DefaultMavenResourcesFiltering - Copying 0 resource from src/test/resources to target/test-classes
